app/code/community/Ultimate/ordersBatches/Block/Adminhtml/Batche.php
app/code/community/Ultimate/ordersBatches/Block/Adminhtml/Batche/Edit.php
app/code/community/Ultimate/ordersBatches/Block/Adminhtml/Batche/Edit/Form.php
app/code/community/Ultimate/ordersBatches/Block/Adminhtml/Batche/Edit/Tab/Form.php
app/code/community/Ultimate/ordersBatches/Block/Adminhtml/Batche/Edit/Tab/Product.php
app/code/community/Ultimate/ordersBatches/Block/Adminhtml/Batche/Edit/Tab/Stores.php
app/code/community/Ultimate/ordersBatches/Block/Adminhtml/Batche/Edit/Tabs.php
app/code/community/Ultimate/ordersBatches/Block/Adminhtml/Batche/Grid.php
app/code/community/Ultimate/ordersBatches/Block/Adminhtml/Catalog/Product/Edit/Tab/Batche.php
app/code/community/Ultimate/ordersBatches/Block/Batche/Catalog/Product/List.php
app/code/community/Ultimate/ordersBatches/Block/Catalog/Product/List/Batche.php
app/code/community/Ultimate/ordersBatches/Controller/Adminhtml/ordersBatches.php
app/code/community/Ultimate/ordersBatches/Helper/Batche.php
app/code/community/Ultimate/ordersBatches/Helper/Data.php
app/code/community/Ultimate/ordersBatches/Helper/Product.php
app/code/community/Ultimate/ordersBatches/Model/Adminhtml/Observer.php
app/code/community/Ultimate/ordersBatches/Model/Adminhtml/Search/Batche.php
app/code/community/Ultimate/ordersBatches/Model/Batche.php
app/code/community/Ultimate/ordersBatches/Model/Batche/Product.php
app/code/community/Ultimate/ordersBatches/Model/Resource/Batche.php
app/code/community/Ultimate/ordersBatches/Model/Resource/Batche/Collection.php
app/code/community/Ultimate/ordersBatches/Model/Resource/Batche/Product.php
app/code/community/Ultimate/ordersBatches/Model/Resource/Batche/Product/Collection.php
app/code/community/Ultimate/ordersBatches/Model/Resource/Setup.php
app/code/community/Ultimate/ordersBatches/controllers/Adminhtml/ordersBatches/Batche/Catalog/ProductController.php
app/code/community/Ultimate/ordersBatches/controllers/Adminhtml/ordersBatches/BatcheController.php
app/code/community/Ultimate/ordersBatches/etc/adminhtml.xml
app/code/community/Ultimate/ordersBatches/etc/config.xml
app/code/community/Ultimate/ordersBatches/sql/ultimate_ordersbatches_setup/install-0.0.1.php
app/design/adminhtml/default/default/layout/ultimate_ordersbatches.xml
app/design/frontend/base/default/layout/ultimate_ordersbatches.xml
app/design/frontend/base/default/template/ultimate_ordersbatches/batche/catalog/product/list.phtml
app/design/frontend/base/default/template/ultimate_ordersbatches/catalog/product/list/batche.phtml
app/etc/modules/Ultimate_ordersBatches.xml
app/locale/en_US/Ultimate_ordersBatches.csv